<?xml version="1.0" encoding="UTF-8"?>
<testng-results ignored="0" total="1" passed="1" failed="0" skipped="0">
  <reporter-output>
  </reporter-output>
  <suite started-at="2024-07-11T01:15:32 BST" name="Default suite" finished-at="2024-07-11T01:15:39 BST" duration-ms="7506">
    <groups>
      <group name="cucumber">
        <method signature="AbstractTestNGCucumberTests.runScenario(io.cucumber.testng.PickleWrapper,io.cucumber.testng.FeatureWrapper)[pri:0, instance:runner.RunCuke@548a24a]" name="runScenario" class="io.cucumber.testng.AbstractTestNGCucumberTests"/>
      </group> <!-- cucumber -->
    </groups>
    <test started-at="2024-07-11T01:15:32 BST" name="Default test" finished-at="2024-07-11T01:15:39 BST" duration-ms="7506">
      <class name="runner.RunCuke">
        <test-method is-config="true" signature="setUpClass(org.testng.ITestContext)[pri:0, instance:runner.RunCuke@548a24a]" started-at="2024-07-11T01:15:32 BST" name="setUpClass" finished-at="2024-07-11T01:15:32 BST" duration-ms="750" status="PASS">
          <params>
            <param index="0">
              <value>
                <![CDATA[org.testng.TestRunner@461c3709]]>
              </value>
            </param>
          </params>
          <reporter-output>
          </reporter-output>
        </test-method> <!-- setUpClass -->
        <test-method signature="runScenario(io.cucumber.testng.PickleWrapper,io.cucumber.testng.FeatureWrapper)[pri:0, instance:runner.RunCuke@548a24a]" started-at="2024-07-11T01:15:32 BST" name="runScenario" description="Runs Cucumber Scenarios" data-provider="scenarios" finished-at="2024-07-11T01:15:39 BST" duration-ms="6397" status="PASS">
          <params>
            <param index="0">
              <value>
                <![CDATA["Finding new cars on carwale website"]]>
              </value>
            </param>
            <param index="1">
              <value>
                <![CDATA["Searching new cars"]]>
              </value>
            </param>
          </params>
          <reporter-output>
          </reporter-output>
        </test-method> <!-- runScenario -->
        <test-method is-config="true" signature="tearDownClass()[pri:0, instance:runner.RunCuke@548a24a]" started-at="2024-07-11T01:15:39 BST" name="tearDownClass" finished-at="2024-07-11T01:15:39 BST" duration-ms="306" status="PASS">
          <reporter-output>
          </reporter-output>
        </test-method> <!-- tearDownClass -->
      </class> <!-- runner.RunCuke -->
    </test> <!-- Default test -->
  </suite> <!-- Default suite -->
</testng-results>
